[0.527s] Invoking command in '/home/wanggy/chapt2/chapt2_ws/src/demo_python_pkg': PYTHONPATH=/home/wanggy/chapt2/build/demo_python_pkg/prefix_override:/usr/lib/python3/dist-packages/colcon_core/task/python/colcon_distutils_commands:/home/wanggy/chapt2/install/demo_python_pkg/lib/python3.10/site-packages:${PYTHONPATH} /usr/bin/python3 -W ignore:setup.py install is deprecated -W ignore:easy_install command is deprecated setup.py egg_info --egg-base ../../../build/demo_python_pkg build --build-base /home/wanggy/chapt2/build/demo_python_pkg/build install --record /home/wanggy/chapt2/build/demo_python_pkg/install.log --single-version-externally-managed install_data
[0.677s] running egg_info
[0.677s] creating ../../../build/demo_python_pkg/demo_python_pkg.egg-info
[0.678s] writing ../../../build/demo_python_pkg/demo_python_pkg.egg-info/PKG-INFO
[0.678s] writing dependency_links to ../../../build/demo_python_pkg/demo_python_pkg.egg-info/dependency_links.txt
[0.678s] writing entry points to ../../../build/demo_python_pkg/demo_python_pkg.egg-info/entry_points.txt
[0.678s] writing requirements to ../../../build/demo_python_pkg/demo_python_pkg.egg-info/requires.txt
[0.678s] writing top-level names to ../../../build/demo_python_pkg/demo_python_pkg.egg-info/top_level.txt
[0.678s] writing manifest file '../../../build/demo_python_pkg/demo_python_pkg.egg-info/SOURCES.txt'
[0.680s] reading manifest file '../../../build/demo_python_pkg/demo_python_pkg.egg-info/SOURCES.txt'
[0.680s] adding license file 'LICENSE'
[0.680s] writing manifest file '../../../build/demo_python_pkg/demo_python_pkg.egg-info/SOURCES.txt'
[0.680s] running build
[0.680s] running build_py
[0.680s] creating /home/wanggy/chapt2/build/demo_python_pkg/build
[0.680s] creating /home/wanggy/chapt2/build/demo_python_pkg/build/lib
[0.681s] creating /home/wanggy/chapt2/build/demo_python_pkg/build/lib/demo_python_pkg
[0.681s] copying demo_python_pkg/learn_thread.py -> /home/wanggy/chapt2/build/demo_python_pkg/build/lib/demo_python_pkg
[0.681s] copying demo_python_pkg/writer_node.py -> /home/wanggy/chapt2/build/demo_python_pkg/build/lib/demo_python_pkg
[0.681s] copying demo_python_pkg/python_node.py -> /home/wanggy/chapt2/build/demo_python_pkg/build/lib/demo_python_pkg
[0.681s] copying demo_python_pkg/person_node.py -> /home/wanggy/chapt2/build/demo_python_pkg/build/lib/demo_python_pkg
[0.682s] copying demo_python_pkg/__init__.py -> /home/wanggy/chapt2/build/demo_python_pkg/build/lib/demo_python_pkg
[0.682s] running install
[0.682s] running install_lib
[0.683s] creating /home/wanggy/chapt2/install/demo_python_pkg/lib/python3.10/site-packages/demo_python_pkg
[0.683s] copying /home/wanggy/chapt2/build/demo_python_pkg/build/lib/demo_python_pkg/learn_thread.py -> /home/wanggy/chapt2/install/demo_python_pkg/lib/python3.10/site-packages/demo_python_pkg
[0.683s] copying /home/wanggy/chapt2/build/demo_python_pkg/build/lib/demo_python_pkg/writer_node.py -> /home/wanggy/chapt2/install/demo_python_pkg/lib/python3.10/site-packages/demo_python_pkg
[0.683s] copying /home/wanggy/chapt2/build/demo_python_pkg/build/lib/demo_python_pkg/python_node.py -> /home/wanggy/chapt2/install/demo_python_pkg/lib/python3.10/site-packages/demo_python_pkg
[0.683s] copying /home/wanggy/chapt2/build/demo_python_pkg/build/lib/demo_python_pkg/person_node.py -> /home/wanggy/chapt2/install/demo_python_pkg/lib/python3.10/site-packages/demo_python_pkg
[0.683s] copying /home/wanggy/chapt2/build/demo_python_pkg/build/lib/demo_python_pkg/__init__.py -> /home/wanggy/chapt2/install/demo_python_pkg/lib/python3.10/site-packages/demo_python_pkg
[0.683s] byte-compiling /home/wanggy/chapt2/install/demo_python_pkg/lib/python3.10/site-packages/demo_python_pkg/learn_thread.py to learn_thread.cpython-310.pyc
[0.684s] byte-compiling /home/wanggy/chapt2/install/demo_python_pkg/lib/python3.10/site-packages/demo_python_pkg/writer_node.py to writer_node.cpython-310.pyc
[0.684s] byte-compiling /home/wanggy/chapt2/install/demo_python_pkg/lib/python3.10/site-packages/demo_python_pkg/python_node.py to python_node.cpython-310.pyc
[0.684s] byte-compiling /home/wanggy/chapt2/install/demo_python_pkg/lib/python3.10/site-packages/demo_python_pkg/person_node.py to person_node.cpython-310.pyc
[0.685s] byte-compiling /home/wanggy/chapt2/install/demo_python_pkg/lib/python3.10/site-packages/demo_python_pkg/__init__.py to __init__.cpython-310.pyc
[0.685s] running install_data
[0.685s] creating /home/wanggy/chapt2/install/demo_python_pkg/share/ament_index
[0.685s] creating /home/wanggy/chapt2/install/demo_python_pkg/share/ament_index/resource_index
[0.685s] creating /home/wanggy/chapt2/install/demo_python_pkg/share/ament_index/resource_index/packages
[0.685s] copying resource/demo_python_pkg -> /home/wanggy/chapt2/install/demo_python_pkg/share/ament_index/resource_index/packages
[0.685s] copying package.xml -> /home/wanggy/chapt2/install/demo_python_pkg/share/demo_python_pkg
[0.685s] running install_egg_info
[0.687s] Copying ../../../build/demo_python_pkg/demo_python_pkg.egg-info to /home/wanggy/chapt2/install/demo_python_pkg/lib/python3.10/site-packages/demo_python_pkg-0.0.0-py3.10.egg-info
[0.687s] running install_scripts
[0.702s] Installing learn_thread script to /home/wanggy/chapt2/install/demo_python_pkg/lib/demo_python_pkg
[0.702s] Installing person_node script to /home/wanggy/chapt2/install/demo_python_pkg/lib/demo_python_pkg
[0.702s] Installing python_node script to /home/wanggy/chapt2/install/demo_python_pkg/lib/demo_python_pkg
[0.702s] Installing writer_node script to /home/wanggy/chapt2/install/demo_python_pkg/lib/demo_python_pkg
[0.703s] writing list of installed files to '/home/wanggy/chapt2/build/demo_python_pkg/install.log'
[0.720s] Invoked command in '/home/wanggy/chapt2/chapt2_ws/src/demo_python_pkg' returned '0': PYTHONPATH=/home/wanggy/chapt2/build/demo_python_pkg/prefix_override:/usr/lib/python3/dist-packages/colcon_core/task/python/colcon_distutils_commands:/home/wanggy/chapt2/install/demo_python_pkg/lib/python3.10/site-packages:${PYTHONPATH} /usr/bin/python3 -W ignore:setup.py install is deprecated -W ignore:easy_install command is deprecated setup.py egg_info --egg-base ../../../build/demo_python_pkg build --build-base /home/wanggy/chapt2/build/demo_python_pkg/build install --record /home/wanggy/chapt2/build/demo_python_pkg/install.log --single-version-externally-managed install_data
