[0.008s] Invoking command in '/home/wanggy/chapt6/chapt6_ws/build/fishbot_description': CMAKE_PREFIX_PATH=${CMAKE_PREFIX_PATH}:/opt/ros/humble /usr/bin/cmake /home/wanggy/chapt6/chapt6_ws/src/fishbot_description -DCMAKE_INSTALL_PREFIX=/home/wanggy/chapt6/chapt6_ws/install/fishbot_description
[0.143s] -- The C compiler identification is GNU 11.4.0
[0.283s] -- The CXX compiler identification is GNU 11.4.0
[0.333s] -- Detecting C compiler ABI info
[0.391s] -- Detecting C compiler ABI info - done
[0.396s] -- Check for working C compiler: /usr/bin/cc - skipped
[0.396s] -- Detecting C compile features
[0.397s] -- Detecting C compile features - done
[0.400s] -- Detecting CXX compiler ABI info
[0.470s] -- Detecting CXX compiler ABI info - done
[0.475s] -- Check for working CXX compiler: /usr/bin/c++ - skipped
[0.475s] -- Detecting CXX compile features
[0.476s] -- Detecting CXX compile features - done
[0.484s] -- Found ament_cmake: 1.3.13 (/opt/ros/humble/share/ament_cmake/cmake)
[0.596s] -- Found Python3: /usr/bin/python3 (found version "3.10.12") found components: Interpreter 
[0.683s] -- Found ament_lint_auto: 0.12.15 (/opt/ros/humble/share/ament_lint_auto/cmake)
[0.749s] -- Added test 'flake8' to check Python code syntax and style conventions
[0.750s] -- Added test 'lint_cmake' to check CMake code style
[0.751s] -- Added test 'pep257' to check Python code against some of the docstring style conventions in PEP 257
[0.752s] -- Added test 'xmllint' to check XML markup files
[0.754s] -- Configuring done
[0.756s] -- Generating done
[0.758s] -- Build files have been written to: /home/wanggy/chapt6/chapt6_ws/build/fishbot_description
[0.761s] Invoked command in '/home/wanggy/chapt6/chapt6_ws/build/fishbot_description' returned '0': CMAKE_PREFIX_PATH=${CMAKE_PREFIX_PATH}:/opt/ros/humble /usr/bin/cmake /home/wanggy/chapt6/chapt6_ws/src/fishbot_description -DCMAKE_INSTALL_PREFIX=/home/wanggy/chapt6/chapt6_ws/install/fishbot_description
[0.762s] Invoking command in '/home/wanggy/chapt6/chapt6_ws/build/fishbot_description': CMAKE_PREFIX_PATH=${CMAKE_PREFIX_PATH}:/opt/ros/humble /usr/bin/cmake --build /home/wanggy/chapt6/chapt6_ws/build/fishbot_description -- -j12 -l12
[0.786s] Invoked command in '/home/wanggy/chapt6/chapt6_ws/build/fishbot_description' returned '0': CMAKE_PREFIX_PATH=${CMAKE_PREFIX_PATH}:/opt/ros/humble /usr/bin/cmake --build /home/wanggy/chapt6/chapt6_ws/build/fishbot_description -- -j12 -l12
[0.793s] Invoking command in '/home/wanggy/chapt6/chapt6_ws/build/fishbot_description': CMAKE_PREFIX_PATH=${CMAKE_PREFIX_PATH}:/opt/ros/humble /usr/bin/cmake --install /home/wanggy/chapt6/chapt6_ws/build/fishbot_description
[0.797s] -- Install configuration: ""
[0.797s] -- Installing: /home/wanggy/chapt6/chapt6_ws/install/fishbot_description/share/fishbot_description/launch
[0.798s] -- Installing: /home/wanggy/chapt6/chapt6_ws/install/fishbot_description/share/fishbot_description/launch/gazebo_sim.launch.py
[0.798s] -- Installing: /home/wanggy/chapt6/chapt6_ws/install/fishbot_description/share/fishbot_description/launch/display_robot.launch.py
[0.798s] -- Installing: /home/wanggy/chapt6/chapt6_ws/install/fishbot_description/share/fishbot_description/urdf
[0.798s] -- Installing: /home/wanggy/chapt6/chapt6_ws/install/fishbot_description/share/fishbot_description/urdf/first_robot.pdf
[0.799s] -- Installing: /home/wanggy/chapt6/chapt6_ws/install/fishbot_description/share/fishbot_description/urdf/first_robot.urdf
[0.799s] -- Installing: /home/wanggy/chapt6/chapt6_ws/install/fishbot_description/share/fishbot_description/urdf/fishbot
[0.799s] -- Installing: /home/wanggy/chapt6/chapt6_ws/install/fishbot_description/share/fishbot_description/urdf/fishbot/fishbot.urdf.xacro
[0.800s] -- Installing: /home/wanggy/chapt6/chapt6_ws/install/fishbot_description/share/fishbot_description/urdf/fishbot/sensor
[0.800s] -- Installing: /home/wanggy/chapt6/chapt6_ws/install/fishbot_description/share/fishbot_description/urdf/fishbot/sensor/laser.urdf.xacro
[0.800s] -- Installing: /home/wanggy/chapt6/chapt6_ws/install/fishbot_description/share/fishbot_description/urdf/fishbot/sensor/camera.urdf.xacro
[0.800s] -- Installing: /home/wanggy/chapt6/chapt6_ws/install/fishbot_description/share/fishbot_description/urdf/fishbot/sensor/imu.urdf.xacro
[0.801s] -- Installing: /home/wanggy/chapt6/chapt6_ws/install/fishbot_description/share/fishbot_description/urdf/fishbot/common_inertia.xacro
[0.801s] -- Installing: /home/wanggy/chapt6/chapt6_ws/install/fishbot_description/share/fishbot_description/urdf/fishbot/plugins
[0.801s] -- Installing: /home/wanggy/chapt6/chapt6_ws/install/fishbot_description/share/fishbot_description/urdf/fishbot/plugins/gazebo_sensor_plugin.xacro
[0.801s] -- Installing: /home/wanggy/chapt6/chapt6_ws/install/fishbot_description/share/fishbot_description/urdf/fishbot/plugins/gazebo_control_plugin.xacro
[0.801s] -- Installing: /home/wanggy/chapt6/chapt6_ws/install/fishbot_description/share/fishbot_description/urdf/fishbot/ fishbot.ros2_control.xacro
[0.801s] -- Installing: /home/wanggy/chapt6/chapt6_ws/install/fishbot_description/share/fishbot_description/urdf/fishbot/base.urdf.xacro
[0.802s] -- Installing: /home/wanggy/chapt6/chapt6_ws/install/fishbot_description/share/fishbot_description/urdf/fishbot/actuator
[0.802s] -- Installing: /home/wanggy/chapt6/chapt6_ws/install/fishbot_description/share/fishbot_description/urdf/fishbot/actuator/caster.urdf.xacro
[0.802s] -- Installing: /home/wanggy/chapt6/chapt6_ws/install/fishbot_description/share/fishbot_description/urdf/fishbot/actuator/wheel.urdf.xacro
[0.802s] -- Installing: /home/wanggy/chapt6/chapt6_ws/install/fishbot_description/share/fishbot_description/urdf/first_robot.gv
[0.803s] -- Installing: /home/wanggy/chapt6/chapt6_ws/install/fishbot_description/share/fishbot_description/urdf/first_robot.urdf.xacro
[0.803s] -- Installing: /home/wanggy/chapt6/chapt6_ws/install/fishbot_description/share/fishbot_description/config
[0.803s] -- Installing: /home/wanggy/chapt6/chapt6_ws/install/fishbot_description/share/fishbot_description/config/rviz
[0.803s] -- Installing: /home/wanggy/chapt6/chapt6_ws/install/fishbot_description/share/fishbot_description/config/rviz/display_model.rviz
[0.803s] -- Installing: /home/wanggy/chapt6/chapt6_ws/install/fishbot_description/share/fishbot_description/config/fishbot_ros2_controller.yaml
[0.803s] -- Installing: /home/wanggy/chapt6/chapt6_ws/install/fishbot_description/share/fishbot_description/world
[0.803s] -- Installing: /home/wanggy/chapt6/chapt6_ws/install/fishbot_description/share/fishbot_description/world/custom_room.world
[0.804s] -- Installing: /home/wanggy/chapt6/chapt6_ws/install/fishbot_description/share/fishbot_description/world/room
[0.804s] -- Installing: /home/wanggy/chapt6/chapt6_ws/install/fishbot_description/share/fishbot_description/world/room/model.config
[0.804s] -- Installing: /home/wanggy/chapt6/chapt6_ws/install/fishbot_description/share/fishbot_description/world/room/model.sdf
[0.805s] -- Installing: /home/wanggy/chapt6/chapt6_ws/install/fishbot_description/share/ament_index/resource_index/package_run_dependencies/fishbot_description
[0.805s] -- Installing: /home/wanggy/chapt6/chapt6_ws/install/fishbot_description/share/ament_index/resource_index/parent_prefix_path/fishbot_description
[0.805s] -- Installing: /home/wanggy/chapt6/chapt6_ws/install/fishbot_description/share/fishbot_description/environment/ament_prefix_path.sh
[0.805s] -- Installing: /home/wanggy/chapt6/chapt6_ws/install/fishbot_description/share/fishbot_description/environment/ament_prefix_path.dsv
[0.805s] -- Installing: /home/wanggy/chapt6/chapt6_ws/install/fishbot_description/share/fishbot_description/environment/path.sh
[0.806s] -- Installing: /home/wanggy/chapt6/chapt6_ws/install/fishbot_description/share/fishbot_description/environment/path.dsv
[0.806s] -- Installing: /home/wanggy/chapt6/chapt6_ws/install/fishbot_description/share/fishbot_description/local_setup.bash
[0.806s] -- Installing: /home/wanggy/chapt6/chapt6_ws/install/fishbot_description/share/fishbot_description/local_setup.sh
[0.806s] -- Installing: /home/wanggy/chapt6/chapt6_ws/install/fishbot_description/share/fishbot_description/local_setup.zsh
[0.806s] -- Installing: /home/wanggy/chapt6/chapt6_ws/install/fishbot_description/share/fishbot_description/local_setup.dsv
[0.806s] -- Installing: /home/wanggy/chapt6/chapt6_ws/install/fishbot_description/share/fishbot_description/package.dsv
[0.806s] -- Installing: /home/wanggy/chapt6/chapt6_ws/install/fishbot_description/share/ament_index/resource_index/packages/fishbot_description
[0.806s] -- Installing: /home/wanggy/chapt6/chapt6_ws/install/fishbot_description/share/fishbot_description/cmake/fishbot_descriptionConfig.cmake
[0.806s] -- Installing: /home/wanggy/chapt6/chapt6_ws/install/fishbot_description/share/fishbot_description/cmake/fishbot_descriptionConfig-version.cmake
[0.806s] -- Installing: /home/wanggy/chapt6/chapt6_ws/install/fishbot_description/share/fishbot_description/package.xml
[0.808s] Invoked command in '/home/wanggy/chapt6/chapt6_ws/build/fishbot_description' returned '0': CMAKE_PREFIX_PATH=${CMAKE_PREFIX_PATH}:/opt/ros/humble /usr/bin/cmake --install /home/wanggy/chapt6/chapt6_ws/build/fishbot_description
