[0.395s] Invoking command in '/home/wanggy/chapt2/chapt2_ws/src/demo_python_pkg': PYTHONPATH=/home/wanggy/chapt2/chapt2_ws/build/demo_python_pkg/prefix_override:/usr/lib/python3/dist-packages/colcon_core/task/python/colcon_distutils_commands:/home/wanggy/chapt2/chapt2_ws/install/demo_python_pkg/lib/python3.10/site-packages:${PYTHONPATH} /usr/bin/python3 -W ignore:setup.py install is deprecated -W ignore:easy_install command is deprecated setup.py egg_info --egg-base ../../build/demo_python_pkg build --build-base /home/wanggy/chapt2/chapt2_ws/build/demo_python_pkg/build install --record /home/wanggy/chapt2/chapt2_ws/build/demo_python_pkg/install.log --single-version-externally-managed install_data
[0.541s] running egg_info
[0.542s] creating ../../build/demo_python_pkg/demo_python_pkg.egg-info
[0.542s] writing ../../build/demo_python_pkg/demo_python_pkg.egg-info/PKG-INFO
[0.542s] writing dependency_links to ../../build/demo_python_pkg/demo_python_pkg.egg-info/dependency_links.txt
[0.542s] writing entry points to ../../build/demo_python_pkg/demo_python_pkg.egg-info/entry_points.txt
[0.542s] writing requirements to ../../build/demo_python_pkg/demo_python_pkg.egg-info/requires.txt
[0.542s] writing top-level names to ../../build/demo_python_pkg/demo_python_pkg.egg-info/top_level.txt
[0.542s] writing manifest file '../../build/demo_python_pkg/demo_python_pkg.egg-info/SOURCES.txt'
[0.543s] reading manifest file '../../build/demo_python_pkg/demo_python_pkg.egg-info/SOURCES.txt'
[0.543s] adding license file 'LICENSE'
[0.544s] writing manifest file '../../build/demo_python_pkg/demo_python_pkg.egg-info/SOURCES.txt'
[0.544s] running build
[0.544s] running build_py
[0.544s] creating /home/wanggy/chapt2/chapt2_ws/build/demo_python_pkg/build
[0.544s] creating /home/wanggy/chapt2/chapt2_ws/build/demo_python_pkg/build/lib
[0.544s] creating /home/wanggy/chapt2/chapt2_ws/build/demo_python_pkg/build/lib/demo_python_pkg
[0.544s] copying demo_python_pkg/python_node.py -> /home/wanggy/chapt2/chapt2_ws/build/demo_python_pkg/build/lib/demo_python_pkg
[0.544s] copying demo_python_pkg/__init__.py -> /home/wanggy/chapt2/chapt2_ws/build/demo_python_pkg/build/lib/demo_python_pkg
[0.544s] running install
[0.545s] running install_lib
[0.545s] creating /home/wanggy/chapt2/chapt2_ws/install/demo_python_pkg/lib/python3.10/site-packages/demo_python_pkg
[0.545s] copying /home/wanggy/chapt2/chapt2_ws/build/demo_python_pkg/build/lib/demo_python_pkg/python_node.py -> /home/wanggy/chapt2/chapt2_ws/install/demo_python_pkg/lib/python3.10/site-packages/demo_python_pkg
[0.545s] copying /home/wanggy/chapt2/chapt2_ws/build/demo_python_pkg/build/lib/demo_python_pkg/__init__.py -> /home/wanggy/chapt2/chapt2_ws/install/demo_python_pkg/lib/python3.10/site-packages/demo_python_pkg
[0.546s] byte-compiling /home/wanggy/chapt2/chapt2_ws/install/demo_python_pkg/lib/python3.10/site-packages/demo_python_pkg/python_node.py to python_node.cpython-310.pyc
[0.546s] byte-compiling /home/wanggy/chapt2/chapt2_ws/install/demo_python_pkg/lib/python3.10/site-packages/demo_python_pkg/__init__.py to __init__.cpython-310.pyc
[0.546s] running install_data
[0.546s] creating /home/wanggy/chapt2/chapt2_ws/install/demo_python_pkg/share/ament_index
[0.546s] creating /home/wanggy/chapt2/chapt2_ws/install/demo_python_pkg/share/ament_index/resource_index
[0.546s] creating /home/wanggy/chapt2/chapt2_ws/install/demo_python_pkg/share/ament_index/resource_index/packages
[0.546s] copying resource/demo_python_pkg -> /home/wanggy/chapt2/chapt2_ws/install/demo_python_pkg/share/ament_index/resource_index/packages
[0.547s] copying package.xml -> /home/wanggy/chapt2/chapt2_ws/install/demo_python_pkg/share/demo_python_pkg
[0.547s] running install_egg_info
[0.548s] Copying ../../build/demo_python_pkg/demo_python_pkg.egg-info to /home/wanggy/chapt2/chapt2_ws/install/demo_python_pkg/lib/python3.10/site-packages/demo_python_pkg-0.0.0-py3.10.egg-info
[0.549s] running install_scripts
[0.562s] Installing python_node script to /home/wanggy/chapt2/chapt2_ws/install/demo_python_pkg/lib/demo_python_pkg
[0.563s] writing list of installed files to '/home/wanggy/chapt2/chapt2_ws/build/demo_python_pkg/install.log'
[0.578s] Invoked command in '/home/wanggy/chapt2/chapt2_ws/src/demo_python_pkg' returned '0': PYTHONPATH=/home/wanggy/chapt2/chapt2_ws/build/demo_python_pkg/prefix_override:/usr/lib/python3/dist-packages/colcon_core/task/python/colcon_distutils_commands:/home/wanggy/chapt2/chapt2_ws/install/demo_python_pkg/lib/python3.10/site-packages:${PYTHONPATH} /usr/bin/python3 -W ignore:setup.py install is deprecated -W ignore:easy_install command is deprecated setup.py egg_info --egg-base ../../build/demo_python_pkg build --build-base /home/wanggy/chapt2/chapt2_ws/build/demo_python_pkg/build install --record /home/wanggy/chapt2/chapt2_ws/build/demo_python_pkg/install.log --single-version-externally-managed install_data
