[0.556s] Invoking command in '/home/wanggy/chapt2/chapt2_ws/src/demo_python_pkg': PYTHONPATH=/home/wanggy/chapt2/chapt2_ws/build/demo_python_pkg/prefix_override:/usr/lib/python3/dist-packages/colcon_core/task/python/colcon_distutils_commands:/home/wanggy/chapt2/chapt2_ws/install/demo_python_pkg/lib/python3.10/site-packages:${PYTHONPATH} /usr/bin/python3 -W ignore:setup.py install is deprecated -W ignore:easy_install command is deprecated setup.py egg_info --egg-base ../../build/demo_python_pkg build --build-base /home/wanggy/chapt2/chapt2_ws/build/demo_python_pkg/build install --record /home/wanggy/chapt2/chapt2_ws/build/demo_python_pkg/install.log --single-version-externally-managed install_data
[0.696s] running egg_info
[0.697s] writing ../../build/demo_python_pkg/demo_python_pkg.egg-info/PKG-INFO
[0.697s] writing dependency_links to ../../build/demo_python_pkg/demo_python_pkg.egg-info/dependency_links.txt
[0.697s] writing entry points to ../../build/demo_python_pkg/demo_python_pkg.egg-info/entry_points.txt
[0.697s] writing requirements to ../../build/demo_python_pkg/demo_python_pkg.egg-info/requires.txt
[0.697s] writing top-level names to ../../build/demo_python_pkg/demo_python_pkg.egg-info/top_level.txt
[0.698s] reading manifest file '../../build/demo_python_pkg/demo_python_pkg.egg-info/SOURCES.txt'
[0.699s] adding license file 'LICENSE'
[0.699s] writing manifest file '../../build/demo_python_pkg/demo_python_pkg.egg-info/SOURCES.txt'
[0.699s] running build
[0.699s] running build_py
[0.699s] copying demo_python_pkg/writer_node.py -> /home/wanggy/chapt2/chapt2_ws/build/demo_python_pkg/build/lib/demo_python_pkg
[0.699s] running install
[0.700s] running install_lib
[0.700s] copying /home/wanggy/chapt2/chapt2_ws/build/demo_python_pkg/build/lib/demo_python_pkg/writer_node.py -> /home/wanggy/chapt2/chapt2_ws/install/demo_python_pkg/lib/python3.10/site-packages/demo_python_pkg
[0.700s] byte-compiling /home/wanggy/chapt2/chapt2_ws/install/demo_python_pkg/lib/python3.10/site-packages/demo_python_pkg/writer_node.py to writer_node.cpython-310.pyc
[0.701s] running install_data
[0.701s] running install_egg_info
[0.702s] removing '/home/wanggy/chapt2/chapt2_ws/install/demo_python_pkg/lib/python3.10/site-packages/demo_python_pkg-0.0.0-py3.10.egg-info' (and everything under it)
[0.702s] Copying ../../build/demo_python_pkg/demo_python_pkg.egg-info to /home/wanggy/chapt2/chapt2_ws/install/demo_python_pkg/lib/python3.10/site-packages/demo_python_pkg-0.0.0-py3.10.egg-info
[0.703s] running install_scripts
[0.716s] Installing person_node script to /home/wanggy/chapt2/chapt2_ws/install/demo_python_pkg/lib/demo_python_pkg
[0.717s] Installing python_node script to /home/wanggy/chapt2/chapt2_ws/install/demo_python_pkg/lib/demo_python_pkg
[0.717s] Installing writer_node script to /home/wanggy/chapt2/chapt2_ws/install/demo_python_pkg/lib/demo_python_pkg
[0.717s] writing list of installed files to '/home/wanggy/chapt2/chapt2_ws/build/demo_python_pkg/install.log'
[0.735s] Invoked command in '/home/wanggy/chapt2/chapt2_ws/src/demo_python_pkg' returned '0': PYTHONPATH=/home/wanggy/chapt2/chapt2_ws/build/demo_python_pkg/prefix_override:/usr/lib/python3/dist-packages/colcon_core/task/python/colcon_distutils_commands:/home/wanggy/chapt2/chapt2_ws/install/demo_python_pkg/lib/python3.10/site-packages:${PYTHONPATH} /usr/bin/python3 -W ignore:setup.py install is deprecated -W ignore:easy_install command is deprecated setup.py egg_info --egg-base ../../build/demo_python_pkg build --build-base /home/wanggy/chapt2/chapt2_ws/build/demo_python_pkg/build install --record /home/wanggy/chapt2/chapt2_ws/build/demo_python_pkg/install.log --single-version-externally-managed install_data
