[0.610s] Invoking command in '/home/wanggy/chapt4/chapt4_ws/src/demo_python_service': PYTHONPATH=/home/wanggy/chapt4/chapt4_ws/build/demo_python_service/prefix_override:/usr/lib/python3/dist-packages/colcon_core/task/python/colcon_distutils_commands:/home/wanggy/chapt4/chapt4_ws/install/demo_python_service/lib/python3.10/site-packages:${PYTHONPATH} /usr/bin/python3 -W ignore:setup.py install is deprecated -W ignore:easy_install command is deprecated setup.py egg_info --egg-base ../../build/demo_python_service build --build-base /home/wanggy/chapt4/chapt4_ws/build/demo_python_service/build install --record /home/wanggy/chapt4/chapt4_ws/build/demo_python_service/install.log --single-version-externally-managed install_data
[0.768s] running egg_info
[0.768s] writing ../../build/demo_python_service/demo_python_service.egg-info/PKG-INFO
[0.769s] writing dependency_links to ../../build/demo_python_service/demo_python_service.egg-info/dependency_links.txt
[0.769s] writing entry points to ../../build/demo_python_service/demo_python_service.egg-info/entry_points.txt
[0.769s] writing requirements to ../../build/demo_python_service/demo_python_service.egg-info/requires.txt
[0.769s] writing top-level names to ../../build/demo_python_service/demo_python_service.egg-info/top_level.txt
[0.770s] reading manifest file '../../build/demo_python_service/demo_python_service.egg-info/SOURCES.txt'
[0.770s] adding license file 'LICENSE'
[0.771s] writing manifest file '../../build/demo_python_service/demo_python_service.egg-info/SOURCES.txt'
[0.771s] running build
[0.771s] running build_py
[0.771s] copying demo_python_service/face_detect_client_node.py -> /home/wanggy/chapt4/chapt4_ws/build/demo_python_service/build/lib/demo_python_service
[0.771s] copying demo_python_service/face_detect_node.py -> /home/wanggy/chapt4/chapt4_ws/build/demo_python_service/build/lib/demo_python_service
[0.771s] running install
[0.771s] running install_lib
[0.772s] copying /home/wanggy/chapt4/chapt4_ws/build/demo_python_service/build/lib/demo_python_service/face_detect_client_node.py -> /home/wanggy/chapt4/chapt4_ws/install/demo_python_service/lib/python3.10/site-packages/demo_python_service
[0.772s] copying /home/wanggy/chapt4/chapt4_ws/build/demo_python_service/build/lib/demo_python_service/face_detect_node.py -> /home/wanggy/chapt4/chapt4_ws/install/demo_python_service/lib/python3.10/site-packages/demo_python_service
[0.773s] byte-compiling /home/wanggy/chapt4/chapt4_ws/install/demo_python_service/lib/python3.10/site-packages/demo_python_service/face_detect_client_node.py to face_detect_client_node.cpython-310.pyc
[0.774s] byte-compiling /home/wanggy/chapt4/chapt4_ws/install/demo_python_service/lib/python3.10/site-packages/demo_python_service/face_detect_node.py to face_detect_node.cpython-310.pyc
[0.774s] running install_data
[0.774s] running install_egg_info
[0.775s] removing '/home/wanggy/chapt4/chapt4_ws/install/demo_python_service/lib/python3.10/site-packages/demo_python_service-0.0.0-py3.10.egg-info' (and everything under it)
[0.776s] Copying ../../build/demo_python_service/demo_python_service.egg-info to /home/wanggy/chapt4/chapt4_ws/install/demo_python_service/lib/python3.10/site-packages/demo_python_service-0.0.0-py3.10.egg-info
[0.777s] running install_scripts
[0.792s] Installing face_detect_client_node script to /home/wanggy/chapt4/chapt4_ws/install/demo_python_service/lib/demo_python_service
[0.792s] Installing face_detect_node script to /home/wanggy/chapt4/chapt4_ws/install/demo_python_service/lib/demo_python_service
[0.792s] Installing learn_face_detect script to /home/wanggy/chapt4/chapt4_ws/install/demo_python_service/lib/demo_python_service
[0.792s] writing list of installed files to '/home/wanggy/chapt4/chapt4_ws/build/demo_python_service/install.log'
[0.807s] Invoked command in '/home/wanggy/chapt4/chapt4_ws/src/demo_python_service' returned '0': PYTHONPATH=/home/wanggy/chapt4/chapt4_ws/build/demo_python_service/prefix_override:/usr/lib/python3/dist-packages/colcon_core/task/python/colcon_distutils_commands:/home/wanggy/chapt4/chapt4_ws/install/demo_python_service/lib/python3.10/site-packages:${PYTHONPATH} /usr/bin/python3 -W ignore:setup.py install is deprecated -W ignore:easy_install command is deprecated setup.py egg_info --egg-base ../../build/demo_python_service build --build-base /home/wanggy/chapt4/chapt4_ws/build/demo_python_service/build install --record /home/wanggy/chapt4/chapt4_ws/build/demo_python_service/install.log --single-version-externally-managed install_data
