[0.545s] Invoking command in '/home/wanggy/chapt3/topic_ws/src/demo_python_topic': PYTHONPATH=/home/wanggy/chapt3/topic_ws/build/demo_python_topic/prefix_override:/usr/lib/python3/dist-packages/colcon_core/task/python/colcon_distutils_commands:/home/wanggy/chapt3/topic_ws/install/demo_python_topic/lib/python3.10/site-packages:${PYTHONPATH} /usr/bin/python3 -W ignore:setup.py install is deprecated -W ignore:easy_install command is deprecated setup.py egg_info --egg-base ../../build/demo_python_topic build --build-base /home/wanggy/chapt3/topic_ws/build/demo_python_topic/build install --record /home/wanggy/chapt3/topic_ws/build/demo_python_topic/install.log --single-version-externally-managed install_data
[0.697s] running egg_info
[0.698s] writing ../../build/demo_python_topic/demo_python_topic.egg-info/PKG-INFO
[0.698s] writing dependency_links to ../../build/demo_python_topic/demo_python_topic.egg-info/dependency_links.txt
[0.698s] writing entry points to ../../build/demo_python_topic/demo_python_topic.egg-info/entry_points.txt
[0.698s] writing requirements to ../../build/demo_python_topic/demo_python_topic.egg-info/requires.txt
[0.698s] writing top-level names to ../../build/demo_python_topic/demo_python_topic.egg-info/top_level.txt
[0.699s] reading manifest file '../../build/demo_python_topic/demo_python_topic.egg-info/SOURCES.txt'
[0.700s] adding license file 'LICENSE'
[0.700s] writing manifest file '../../build/demo_python_topic/demo_python_topic.egg-info/SOURCES.txt'
[0.701s] running build
[0.701s] running build_py
[0.701s] copying demo_python_topic/novel_pub_node.py -> /home/wanggy/chapt3/topic_ws/build/demo_python_topic/build/lib/demo_python_topic
[0.701s] copying demo_python_topic/novel_sub_node.py -> /home/wanggy/chapt3/topic_ws/build/demo_python_topic/build/lib/demo_python_topic
[0.701s] running install
[0.702s] running install_lib
[0.702s] copying /home/wanggy/chapt3/topic_ws/build/demo_python_topic/build/lib/demo_python_topic/novel_pub_node.py -> /home/wanggy/chapt3/topic_ws/install/demo_python_topic/lib/python3.10/site-packages/demo_python_topic
[0.703s] copying /home/wanggy/chapt3/topic_ws/build/demo_python_topic/build/lib/demo_python_topic/novel_sub_node.py -> /home/wanggy/chapt3/topic_ws/install/demo_python_topic/lib/python3.10/site-packages/demo_python_topic
[0.703s] byte-compiling /home/wanggy/chapt3/topic_ws/install/demo_python_topic/lib/python3.10/site-packages/demo_python_topic/novel_pub_node.py to novel_pub_node.cpython-310.pyc
[0.704s] byte-compiling /home/wanggy/chapt3/topic_ws/install/demo_python_topic/lib/python3.10/site-packages/demo_python_topic/novel_sub_node.py to novel_sub_node.cpython-310.pyc
[0.704s] running install_data
[0.704s] running install_egg_info
[0.705s] removing '/home/wanggy/chapt3/topic_ws/install/demo_python_topic/lib/python3.10/site-packages/demo_python_topic-0.0.0-py3.10.egg-info' (and everything under it)
[0.706s] Copying ../../build/demo_python_topic/demo_python_topic.egg-info to /home/wanggy/chapt3/topic_ws/install/demo_python_topic/lib/python3.10/site-packages/demo_python_topic-0.0.0-py3.10.egg-info
[0.707s] running install_scripts
[0.722s] Installing novel_pub_node script to /home/wanggy/chapt3/topic_ws/install/demo_python_topic/lib/demo_python_topic
[0.722s] Installing novel_sub_node script to /home/wanggy/chapt3/topic_ws/install/demo_python_topic/lib/demo_python_topic
[0.722s] writing list of installed files to '/home/wanggy/chapt3/topic_ws/build/demo_python_topic/install.log'
[0.738s] Invoked command in '/home/wanggy/chapt3/topic_ws/src/demo_python_topic' returned '0': PYTHONPATH=/home/wanggy/chapt3/topic_ws/build/demo_python_topic/prefix_override:/usr/lib/python3/dist-packages/colcon_core/task/python/colcon_distutils_commands:/home/wanggy/chapt3/topic_ws/install/demo_python_topic/lib/python3.10/site-packages:${PYTHONPATH} /usr/bin/python3 -W ignore:setup.py install is deprecated -W ignore:easy_install command is deprecated setup.py egg_info --egg-base ../../build/demo_python_topic build --build-base /home/wanggy/chapt3/topic_ws/build/demo_python_topic/build install --record /home/wanggy/chapt3/topic_ws/build/demo_python_topic/install.log --single-version-externally-managed install_data
