[0.496s] Invoking command in '/home/wanggy/chapt2/chapt2_ws/src/demo_python_pkg': PYTHONPATH=/home/wanggy/chapt2/chapt2_ws/build/demo_python_pkg/prefix_override:/usr/lib/python3/dist-packages/colcon_core/task/python/colcon_distutils_commands:/home/wanggy/chapt2/chapt2_ws/install/demo_python_pkg/lib/python3.10/site-packages:${PYTHONPATH} /usr/bin/python3 -W ignore:setup.py install is deprecated -W ignore:easy_install command is deprecated setup.py egg_info --egg-base ../../build/demo_python_pkg build --build-base /home/wanggy/chapt2/chapt2_ws/build/demo_python_pkg/build install --record /home/wanggy/chapt2/chapt2_ws/build/demo_python_pkg/install.log --single-version-externally-managed install_data
[0.640s] running egg_info
[0.640s] writing ../../build/demo_python_pkg/demo_python_pkg.egg-info/PKG-INFO
[0.641s] writing dependency_links to ../../build/demo_python_pkg/demo_python_pkg.egg-info/dependency_links.txt
[0.641s] writing entry points to ../../build/demo_python_pkg/demo_python_pkg.egg-info/entry_points.txt
[0.641s] writing requirements to ../../build/demo_python_pkg/demo_python_pkg.egg-info/requires.txt
[0.641s] writing top-level names to ../../build/demo_python_pkg/demo_python_pkg.egg-info/top_level.txt
[0.642s] reading manifest file '../../build/demo_python_pkg/demo_python_pkg.egg-info/SOURCES.txt'
[0.642s] adding license file 'LICENSE'
[0.643s] writing manifest file '../../build/demo_python_pkg/demo_python_pkg.egg-info/SOURCES.txt'
[0.643s] running build
[0.643s] running build_py
[0.643s] copying demo_python_pkg/person_node.py -> /home/wanggy/chapt2/chapt2_ws/build/demo_python_pkg/build/lib/demo_python_pkg
[0.643s] running install
[0.644s] running install_lib
[0.644s] copying /home/wanggy/chapt2/chapt2_ws/build/demo_python_pkg/build/lib/demo_python_pkg/person_node.py -> /home/wanggy/chapt2/chapt2_ws/install/demo_python_pkg/lib/python3.10/site-packages/demo_python_pkg
[0.645s] byte-compiling /home/wanggy/chapt2/chapt2_ws/install/demo_python_pkg/lib/python3.10/site-packages/demo_python_pkg/person_node.py to person_node.cpython-310.pyc
[0.645s] running install_data
[0.645s] running install_egg_info
[0.646s] removing '/home/wanggy/chapt2/chapt2_ws/install/demo_python_pkg/lib/python3.10/site-packages/demo_python_pkg-0.0.0-py3.10.egg-info' (and everything under it)
[0.646s] Copying ../../build/demo_python_pkg/demo_python_pkg.egg-info to /home/wanggy/chapt2/chapt2_ws/install/demo_python_pkg/lib/python3.10/site-packages/demo_python_pkg-0.0.0-py3.10.egg-info
[0.647s] running install_scripts
[0.661s] Installing person_node script to /home/wanggy/chapt2/chapt2_ws/install/demo_python_pkg/lib/demo_python_pkg
[0.661s] Installing python_node script to /home/wanggy/chapt2/chapt2_ws/install/demo_python_pkg/lib/demo_python_pkg
[0.661s] Installing writer_node script to /home/wanggy/chapt2/chapt2_ws/install/demo_python_pkg/lib/demo_python_pkg
[0.661s] writing list of installed files to '/home/wanggy/chapt2/chapt2_ws/build/demo_python_pkg/install.log'
[0.676s] Invoked command in '/home/wanggy/chapt2/chapt2_ws/src/demo_python_pkg' returned '0': PYTHONPATH=/home/wanggy/chapt2/chapt2_ws/build/demo_python_pkg/prefix_override:/usr/lib/python3/dist-packages/colcon_core/task/python/colcon_distutils_commands:/home/wanggy/chapt2/chapt2_ws/install/demo_python_pkg/lib/python3.10/site-packages:${PYTHONPATH} /usr/bin/python3 -W ignore:setup.py install is deprecated -W ignore:easy_install command is deprecated setup.py egg_info --egg-base ../../build/demo_python_pkg build --build-base /home/wanggy/chapt2/chapt2_ws/build/demo_python_pkg/build install --record /home/wanggy/chapt2/chapt2_ws/build/demo_python_pkg/install.log --single-version-externally-managed install_data
