[0.520s] Invoking command in '/home/wanggy/chapt5/chapt5_ws/src/demo_python_tf': PYTHONPATH=/home/wanggy/chapt5/build/demo_python_tf/prefix_override:/usr/lib/python3/dist-packages/colcon_core/task/python/colcon_distutils_commands:/home/wanggy/chapt5/install/demo_python_tf/lib/python3.10/site-packages:${PYTHONPATH} /usr/bin/python3 -W ignore:setup.py install is deprecated -W ignore:easy_install command is deprecated setup.py egg_info --egg-base ../../../build/demo_python_tf build --build-base /home/wanggy/chapt5/build/demo_python_tf/build install --record /home/wanggy/chapt5/build/demo_python_tf/install.log --single-version-externally-managed install_data
[0.661s] running egg_info
[0.662s] creating ../../../build/demo_python_tf/demo_python_tf.egg-info
[0.662s] writing ../../../build/demo_python_tf/demo_python_tf.egg-info/PKG-INFO
[0.662s] writing dependency_links to ../../../build/demo_python_tf/demo_python_tf.egg-info/dependency_links.txt
[0.662s] writing entry points to ../../../build/demo_python_tf/demo_python_tf.egg-info/entry_points.txt
[0.662s] writing requirements to ../../../build/demo_python_tf/demo_python_tf.egg-info/requires.txt
[0.662s] writing top-level names to ../../../build/demo_python_tf/demo_python_tf.egg-info/top_level.txt
[0.662s] writing manifest file '../../../build/demo_python_tf/demo_python_tf.egg-info/SOURCES.txt'
[0.663s] reading manifest file '../../../build/demo_python_tf/demo_python_tf.egg-info/SOURCES.txt'
[0.663s] adding license file 'LICENSE'
[0.664s] writing manifest file '../../../build/demo_python_tf/demo_python_tf.egg-info/SOURCES.txt'
[0.664s] running build
[0.664s] running build_py
[0.664s] creating /home/wanggy/chapt5/build/demo_python_tf/build
[0.664s] creating /home/wanggy/chapt5/build/demo_python_tf/build/lib
[0.664s] creating /home/wanggy/chapt5/build/demo_python_tf/build/lib/demo_python_tf
[0.664s] copying demo_python_tf/static_tf_broadcaster.py -> /home/wanggy/chapt5/build/demo_python_tf/build/lib/demo_python_tf
[0.665s] copying demo_python_tf/__init__.py -> /home/wanggy/chapt5/build/demo_python_tf/build/lib/demo_python_tf
[0.665s] running install
[0.665s] running install_lib
[0.665s] creating /home/wanggy/chapt5/install/demo_python_tf/lib/python3.10/site-packages/demo_python_tf
[0.665s] copying /home/wanggy/chapt5/build/demo_python_tf/build/lib/demo_python_tf/static_tf_broadcaster.py -> /home/wanggy/chapt5/install/demo_python_tf/lib/python3.10/site-packages/demo_python_tf
[0.666s] copying /home/wanggy/chapt5/build/demo_python_tf/build/lib/demo_python_tf/__init__.py -> /home/wanggy/chapt5/install/demo_python_tf/lib/python3.10/site-packages/demo_python_tf
[0.666s] byte-compiling /home/wanggy/chapt5/install/demo_python_tf/lib/python3.10/site-packages/demo_python_tf/static_tf_broadcaster.py to static_tf_broadcaster.cpython-310.pyc
[0.667s] byte-compiling /home/wanggy/chapt5/install/demo_python_tf/lib/python3.10/site-packages/demo_python_tf/__init__.py to __init__.cpython-310.pyc
[0.667s] running install_data
[0.667s] creating /home/wanggy/chapt5/install/demo_python_tf/share/ament_index
[0.667s] creating /home/wanggy/chapt5/install/demo_python_tf/share/ament_index/resource_index
[0.667s] creating /home/wanggy/chapt5/install/demo_python_tf/share/ament_index/resource_index/packages
[0.667s] copying resource/demo_python_tf -> /home/wanggy/chapt5/install/demo_python_tf/share/ament_index/resource_index/packages
[0.667s] copying package.xml -> /home/wanggy/chapt5/install/demo_python_tf/share/demo_python_tf
[0.667s] running install_egg_info
[0.668s] Copying ../../../build/demo_python_tf/demo_python_tf.egg-info to /home/wanggy/chapt5/install/demo_python_tf/lib/python3.10/site-packages/demo_python_tf-0.0.0-py3.10.egg-info
[0.669s] running install_scripts
[0.682s] Installing static_tf_broadcaster script to /home/wanggy/chapt5/install/demo_python_tf/lib/demo_python_tf
[0.682s] writing list of installed files to '/home/wanggy/chapt5/build/demo_python_tf/install.log'
[0.697s] Invoked command in '/home/wanggy/chapt5/chapt5_ws/src/demo_python_tf' returned '0': PYTHONPATH=/home/wanggy/chapt5/build/demo_python_tf/prefix_override:/usr/lib/python3/dist-packages/colcon_core/task/python/colcon_distutils_commands:/home/wanggy/chapt5/install/demo_python_tf/lib/python3.10/site-packages:${PYTHONPATH} /usr/bin/python3 -W ignore:setup.py install is deprecated -W ignore:easy_install command is deprecated setup.py egg_info --egg-base ../../../build/demo_python_tf build --build-base /home/wanggy/chapt5/build/demo_python_tf/build install --record /home/wanggy/chapt5/build/demo_python_tf/install.log --single-version-externally-managed install_data
