[0.185s] DEBUG:colcon:Command line arguments: ['/usr/bin/colcon', 'build']
[0.186s] DEBUG:colcon:Parsed command line arguments: Namespace(log_base=None, log_level=None, verb_name='build', build_base='build', install_base='install', merge_install=False, symlink_install=False, test_result_base=None, continue_on_error=False, executor='parallel', parallel_workers=12, event_handlers=None, ignore_user_meta=False, metas=['./colcon.meta'], base_paths=['.'], packages_ignore=None, packages_ignore_regex=None, paths=None, packages_up_to=None, packages_up_to_regex=None, packages_above=None, packages_above_and_dependencies=None, packages_above_depth=None, packages_select_by_dep=None, packages_skip_by_dep=None, packages_skip_up_to=None, packages_select_build_failed=False, packages_skip_build_finished=False, packages_select_test_failures=False, packages_skip_test_passed=False, packages_select=None, packages_skip=None, packages_select_regex=None, packages_skip_regex=None, packages_start=None, packages_end=None, allow_overriding=[], cmake_args=None, cmake_target=None, cmake_target_skip_unavailable=False, cmake_clean_cache=False, cmake_clean_first=False, cmake_force_configure=False, ament_cmake_args=None, catkin_cmake_args=None, catkin_skip_building_tests=False, verb_parser=<colcon_defaults.argument_parser.defaults.DefaultArgumentsDecorator object at 0x7eab93d277c0>, verb_extension=<colcon_core.verb.build.BuildVerb object at 0x7eab93e64b20>, main=<bound method BuildVerb.main of <colcon_core.verb.build.BuildVerb object at 0x7eab93e64b20>>)
[0.388s] Level 1:colcon.colcon_core.package_discovery:discover_packages(colcon_meta) check parameters
[0.388s] Level 1:colcon.colcon_core.package_discovery:discover_packages(recursive) check parameters
[0.388s] Level 1:colcon.colcon_core.package_discovery:discover_packages(ignore) check parameters
[0.388s] Level 1:colcon.colcon_core.package_discovery:discover_packages(path) check parameters
[0.388s] Level 1:colcon.colcon_core.package_discovery:discover_packages(colcon_meta) discover
[0.388s] Level 1:colcon.colcon_core.package_discovery:discover_packages(recursive) discover
[0.388s] INFO:colcon.colcon_core.package_discovery:Crawling recursively for packages in '/home/wanggy/chapt5'
[0.388s] Level 1:colcon.colcon_core.package_identification:_identify(.) by extensions ['ignore', 'ignore_ament_install']
[0.388s] Level 1:colcon.colcon_core.package_identification:_identify(.) by extension 'ignore'
[0.388s] Level 1:colcon.colcon_core.package_identification:_identify(.) by extension 'ignore_ament_install'
[0.388s] Level 1:colcon.colcon_core.package_identification:_identify(.) by extensions ['colcon_pkg']
[0.388s] Level 1:colcon.colcon_core.package_identification:_identify(.) by extension 'colcon_pkg'
[0.388s] Level 1:colcon.colcon_core.package_identification:_identify(.) by extensions ['colcon_meta']
[0.388s] Level 1:colcon.colcon_core.package_identification:_identify(.) by extension 'colcon_meta'
[0.388s] Level 1:colcon.colcon_core.package_identification:_identify(.) by extensions ['ros']
[0.388s] Level 1:colcon.colcon_core.package_identification:_identify(.) by extension 'ros'
[0.400s] Level 1:colcon.colcon_core.package_identification:_identify(.) by extensions ['cmake', 'python']
[0.400s] Level 1:colcon.colcon_core.package_identification:_identify(.) by extension 'cmake'
[0.400s] Level 1:colcon.colcon_core.package_identification:_identify(.) by extension 'python'
[0.400s] Level 1:colcon.colcon_core.package_identification:_identify(.) by extensions ['python_setup_py']
[0.400s] Level 1:colcon.colcon_core.package_identification:_identify(.) by extension 'python_setup_py'
[0.400s] Level 1:colcon.colcon_core.package_identification:_identify(build) by extensions ['ignore', 'ignore_ament_install']
[0.400s] Level 1:colcon.colcon_core.package_identification:_identify(build) by extension 'ignore'
[0.400s] Level 1:colcon.colcon_core.package_identification:_identify(build) ignored
[0.400s] Level 1:colcon.colcon_core.package_identification:_identify(chapt5_ws) by extensions ['ignore', 'ignore_ament_install']
[0.400s] Level 1:colcon.colcon_core.package_identification:_identify(chapt5_ws) by extension 'ignore'
[0.400s] Level 1:colcon.colcon_core.package_identification:_identify(chapt5_ws) by extension 'ignore_ament_install'
[0.400s] Level 1:colcon.colcon_core.package_identification:_identify(chapt5_ws) by extensions ['colcon_pkg']
[0.400s] Level 1:colcon.colcon_core.package_identification:_identify(chapt5_ws) by extension 'colcon_pkg'
[0.400s] Level 1:colcon.colcon_core.package_identification:_identify(chapt5_ws) by extensions ['colcon_meta']
[0.400s] Level 1:colcon.colcon_core.package_identification:_identify(chapt5_ws) by extension 'colcon_meta'
[0.400s] Level 1:colcon.colcon_core.package_identification:_identify(chapt5_ws) by extensions ['ros']
[0.400s] Level 1:colcon.colcon_core.package_identification:_identify(chapt5_ws) by extension 'ros'
[0.400s] Level 1:colcon.colcon_core.package_identification:_identify(chapt5_ws) by extensions ['cmake', 'python']
[0.400s] Level 1:colcon.colcon_core.package_identification:_identify(chapt5_ws) by extension 'cmake'
[0.400s] Level 1:colcon.colcon_core.package_identification:_identify(chapt5_ws) by extension 'python'
[0.400s] Level 1:colcon.colcon_core.package_identification:_identify(chapt5_ws) by extensions ['python_setup_py']
[0.401s] Level 1:colcon.colcon_core.package_identification:_identify(chapt5_ws) by extension 'python_setup_py'
[0.401s] Level 1:colcon.colcon_core.package_identification:_identify(chapt5_ws/src) by extensions ['ignore', 'ignore_ament_install']
[0.401s] Level 1:colcon.colcon_core.package_identification:_identify(chapt5_ws/src) by extension 'ignore'
[0.401s] Level 1:colcon.colcon_core.package_identification:_identify(chapt5_ws/src) by extension 'ignore_ament_install'
[0.401s] Level 1:colcon.colcon_core.package_identification:_identify(chapt5_ws/src) by extensions ['colcon_pkg']
[0.401s] Level 1:colcon.colcon_core.package_identification:_identify(chapt5_ws/src) by extension 'colcon_pkg'
[0.401s] Level 1:colcon.colcon_core.package_identification:_identify(chapt5_ws/src) by extensions ['colcon_meta']
[0.401s] Level 1:colcon.colcon_core.package_identification:_identify(chapt5_ws/src) by extension 'colcon_meta'
[0.401s] Level 1:colcon.colcon_core.package_identification:_identify(chapt5_ws/src) by extensions ['ros']
[0.401s] Level 1:colcon.colcon_core.package_identification:_identify(chapt5_ws/src) by extension 'ros'
[0.401s] Level 1:colcon.colcon_core.package_identification:_identify(chapt5_ws/src) by extensions ['cmake', 'python']
[0.401s] Level 1:colcon.colcon_core.package_identification:_identify(chapt5_ws/src) by extension 'cmake'
[0.401s] Level 1:colcon.colcon_core.package_identification:_identify(chapt5_ws/src) by extension 'python'
[0.401s] Level 1:colcon.colcon_core.package_identification:_identify(chapt5_ws/src) by extensions ['python_setup_py']
[0.401s] Level 1:colcon.colcon_core.package_identification:_identify(chapt5_ws/src) by extension 'python_setup_py'
[0.401s] Level 1:colcon.colcon_core.package_identification:_identify(chapt5_ws/src/demo_python_tf) by extensions ['ignore', 'ignore_ament_install']
[0.401s] Level 1:colcon.colcon_core.package_identification:_identify(chapt5_ws/src/demo_python_tf) by extension 'ignore'
[0.401s] Level 1:colcon.colcon_core.package_identification:_identify(chapt5_ws/src/demo_python_tf) by extension 'ignore_ament_install'
[0.401s] Level 1:colcon.colcon_core.package_identification:_identify(chapt5_ws/src/demo_python_tf) by extensions ['colcon_pkg']
[0.401s] Level 1:colcon.colcon_core.package_identification:_identify(chapt5_ws/src/demo_python_tf) by extension 'colcon_pkg'
[0.401s] Level 1:colcon.colcon_core.package_identification:_identify(chapt5_ws/src/demo_python_tf) by extensions ['colcon_meta']
[0.401s] Level 1:colcon.colcon_core.package_identification:_identify(chapt5_ws/src/demo_python_tf) by extension 'colcon_meta'
[0.401s] Level 1:colcon.colcon_core.package_identification:_identify(chapt5_ws/src/demo_python_tf) by extensions ['ros']
[0.401s] Level 1:colcon.colcon_core.package_identification:_identify(chapt5_ws/src/demo_python_tf) by extension 'ros'
[0.404s] DEBUG:colcon.colcon_core.package_identification:Package 'chapt5_ws/src/demo_python_tf' with type 'ros.ament_python' and name 'demo_python_tf'
[0.404s] Level 1:colcon.colcon_core.package_identification:_identify(install) by extensions ['ignore', 'ignore_ament_install']
[0.404s] Level 1:colcon.colcon_core.package_identification:_identify(install) by extension 'ignore'
[0.404s] Level 1:colcon.colcon_core.package_identification:_identify(install) ignored
[0.404s] Level 1:colcon.colcon_core.package_identification:_identify(log) by extensions ['ignore', 'ignore_ament_install']
[0.404s] Level 1:colcon.colcon_core.package_identification:_identify(log) by extension 'ignore'
[0.404s] Level 1:colcon.colcon_core.package_identification:_identify(log) ignored
[0.404s] Level 1:colcon.colcon_core.package_discovery:discover_packages(recursive) using defaults
[0.404s] Level 1:colcon.colcon_core.package_discovery:discover_packages(ignore) discover
[0.404s] Level 1:colcon.colcon_core.package_discovery:discover_packages(ignore) using defaults
[0.404s] Level 1:colcon.colcon_core.package_discovery:discover_packages(path) discover
[0.404s] Level 1:colcon.colcon_core.package_discovery:discover_packages(path) using defaults
[0.425s] Level 1:colcon.colcon_core.package_discovery:discover_packages(prefix_path) check parameters
[0.425s] Level 1:colcon.colcon_core.package_discovery:discover_packages(prefix_path) discover
[0.428s] DEBUG:colcon.colcon_installed_package_information.package_discovery:Found 1 installed packages in /home/wanggy/chapt5/install
[0.429s] DEBUG:colcon.colcon_installed_package_information.package_discovery:Found 273 installed packages in /opt/ros/humble
[0.430s] Level 1:colcon.colcon_core.package_discovery:discover_packages(prefix_path) using defaults
[0.491s] Level 5:colcon.colcon_core.verb:set package 'demo_python_tf' build argument 'cmake_args' from command line to 'None'
[0.491s] Level 5:colcon.colcon_core.verb:set package 'demo_python_tf' build argument 'cmake_target' from command line to 'None'
[0.491s] Level 5:colcon.colcon_core.verb:set package 'demo_python_tf' build argument 'cmake_target_skip_unavailable' from command line to 'False'
[0.491s] Level 5:colcon.colcon_core.verb:set package 'demo_python_tf' build argument 'cmake_clean_cache' from command line to 'False'
[0.491s] Level 5:colcon.colcon_core.verb:set package 'demo_python_tf' build argument 'cmake_clean_first' from command line to 'False'
[0.491s] Level 5:colcon.colcon_core.verb:set package 'demo_python_tf' build argument 'cmake_force_configure' from command line to 'False'
[0.491s] Level 5:colcon.colcon_core.verb:set package 'demo_python_tf' build argument 'ament_cmake_args' from command line to 'None'
[0.491s] Level 5:colcon.colcon_core.verb:set package 'demo_python_tf' build argument 'catkin_cmake_args' from command line to 'None'
[0.491s] Level 5:colcon.colcon_core.verb:set package 'demo_python_tf' build argument 'catkin_skip_building_tests' from command line to 'False'
[0.491s] DEBUG:colcon.colcon_core.verb:Building package 'demo_python_tf' with the following arguments: {'ament_cmake_args': None, 'build_base': '/home/wanggy/chapt5/build/demo_python_tf', 'catkin_cmake_args': None, 'catkin_skip_building_tests': False, 'cmake_args': None, 'cmake_clean_cache': False, 'cmake_clean_first': False, 'cmake_force_configure': False, 'cmake_target': None, 'cmake_target_skip_unavailable': False, 'install_base': '/home/wanggy/chapt5/install/demo_python_tf', 'merge_install': False, 'path': '/home/wanggy/chapt5/chapt5_ws/src/demo_python_tf', 'symlink_install': False, 'test_result_base': None}
[0.491s] INFO:colcon.colcon_core.executor:Executing jobs using 'parallel' executor
[0.492s] DEBUG:colcon.colcon_parallel_executor.executor.parallel:run_until_complete
[0.492s] INFO:colcon.colcon_ros.task.ament_python.build:Building ROS package in '/home/wanggy/chapt5/chapt5_ws/src/demo_python_tf' with build type 'ament_python'
[0.492s] Level 1:colcon.colcon_core.shell:create_environment_hook('demo_python_tf', 'ament_prefix_path')
[0.496s] INFO:colcon.colcon_core.plugin_system:Skipping extension 'colcon_core.shell.bat': Not used on non-Windows systems
[0.496s] INFO:colcon.colcon_core.shell:Creating environment hook '/home/wanggy/chapt5/install/demo_python_tf/share/demo_python_tf/hook/ament_prefix_path.ps1'
[0.496s] INFO:colcon.colcon_core.shell:Creating environment descriptor '/home/wanggy/chapt5/install/demo_python_tf/share/demo_python_tf/hook/ament_prefix_path.dsv'
[0.497s] INFO:colcon.colcon_core.shell:Creating environment hook '/home/wanggy/chapt5/install/demo_python_tf/share/demo_python_tf/hook/ament_prefix_path.sh'
[0.498s] INFO:colcon.colcon_core.shell:Skip shell extension 'powershell' for command environment: Not usable outside of PowerShell
[0.498s] DEBUG:colcon.colcon_core.shell:Skip shell extension 'dsv' for command environment
[0.661s] INFO:colcon.colcon_core.task.python.build:Building Python package in '/home/wanggy/chapt5/chapt5_ws/src/demo_python_tf'
[0.661s] INFO:colcon.colcon_core.shell:Skip shell extension 'powershell' for command environment: Not usable outside of PowerShell
[0.661s] DEBUG:colcon.colcon_core.shell:Skip shell extension 'dsv' for command environment
[0.987s] DEBUG:colcon.colcon_core.event_handler.log_command:Invoking command in '/home/wanggy/chapt5/chapt5_ws/src/demo_python_tf': PYTHONPATH=/home/wanggy/chapt5/build/demo_python_tf/prefix_override:/usr/lib/python3/dist-packages/colcon_core/task/python/colcon_distutils_commands:/home/wanggy/chapt5/install/demo_python_tf/lib/python3.10/site-packages:${PYTHONPATH} /usr/bin/python3 -W ignore:setup.py install is deprecated -W ignore:easy_install command is deprecated setup.py egg_info --egg-base ../../../build/demo_python_tf build --build-base /home/wanggy/chapt5/build/demo_python_tf/build install --record /home/wanggy/chapt5/build/demo_python_tf/install.log --single-version-externally-managed install_data
[1.163s] DEBUG:colcon.colcon_core.event_handler.log_command:Invoked command in '/home/wanggy/chapt5/chapt5_ws/src/demo_python_tf' returned '0': PYTHONPATH=/home/wanggy/chapt5/build/demo_python_tf/prefix_override:/usr/lib/python3/dist-packages/colcon_core/task/python/colcon_distutils_commands:/home/wanggy/chapt5/install/demo_python_tf/lib/python3.10/site-packages:${PYTHONPATH} /usr/bin/python3 -W ignore:setup.py install is deprecated -W ignore:easy_install command is deprecated setup.py egg_info --egg-base ../../../build/demo_python_tf build --build-base /home/wanggy/chapt5/build/demo_python_tf/build install --record /home/wanggy/chapt5/build/demo_python_tf/install.log --single-version-externally-managed install_data
[1.167s] Level 1:colcon.colcon_core.environment:checking '/home/wanggy/chapt5/install/demo_python_tf' for CMake module files
[1.168s] Level 1:colcon.colcon_core.environment:checking '/home/wanggy/chapt5/install/demo_python_tf' for CMake config files
[1.170s] Level 1:colcon.colcon_core.environment:checking '/home/wanggy/chapt5/install/demo_python_tf/lib'
[1.170s] Level 1:colcon.colcon_core.environment:checking '/home/wanggy/chapt5/install/demo_python_tf/bin'
[1.170s] Level 1:colcon.colcon_core.environment:checking '/home/wanggy/chapt5/install/demo_python_tf/lib/pkgconfig/demo_python_tf.pc'
[1.170s] Level 1:colcon.colcon_core.environment:checking '/home/wanggy/chapt5/install/demo_python_tf/lib/python3.10/site-packages'
[1.170s] Level 1:colcon.colcon_core.shell:create_environment_hook('demo_python_tf', 'pythonpath')
[1.170s] INFO:colcon.colcon_core.shell:Creating environment hook '/home/wanggy/chapt5/install/demo_python_tf/share/demo_python_tf/hook/pythonpath.ps1'
[1.170s] INFO:colcon.colcon_core.shell:Creating environment descriptor '/home/wanggy/chapt5/install/demo_python_tf/share/demo_python_tf/hook/pythonpath.dsv'
[1.171s] INFO:colcon.colcon_core.shell:Creating environment hook '/home/wanggy/chapt5/install/demo_python_tf/share/demo_python_tf/hook/pythonpath.sh'
[1.171s] Level 1:colcon.colcon_core.environment:checking '/home/wanggy/chapt5/install/demo_python_tf/bin'
[1.171s] Level 1:colcon.colcon_core.environment:create_environment_scripts_only(demo_python_tf)
[1.171s] INFO:colcon.colcon_core.shell:Creating package script '/home/wanggy/chapt5/install/demo_python_tf/share/demo_python_tf/package.ps1'
[1.172s] INFO:colcon.colcon_core.shell:Creating package descriptor '/home/wanggy/chapt5/install/demo_python_tf/share/demo_python_tf/package.dsv'
[1.173s] INFO:colcon.colcon_core.shell:Creating package script '/home/wanggy/chapt5/install/demo_python_tf/share/demo_python_tf/package.sh'
[1.173s] INFO:colcon.colcon_core.shell:Creating package script '/home/wanggy/chapt5/install/demo_python_tf/share/demo_python_tf/package.bash'
[1.174s] INFO:colcon.colcon_core.shell:Creating package script '/home/wanggy/chapt5/install/demo_python_tf/share/demo_python_tf/package.zsh'
[1.174s] Level 1:colcon.colcon_core.environment:create_file_with_runtime_dependencies(/home/wanggy/chapt5/install/demo_python_tf/share/colcon-core/packages/demo_python_tf)
[1.175s] DEBUG:colcon.colcon_parallel_executor.executor.parallel:closing loop
[1.175s] DEBUG:colcon.colcon_parallel_executor.executor.parallel:loop closed
[1.175s] DEBUG:colcon.colcon_parallel_executor.executor.parallel:run_until_complete finished with '0'
[1.175s] DEBUG:colcon.colcon_core.event_reactor:joining thread
[1.186s] INFO:colcon.colcon_core.plugin_system:Skipping extension 'colcon_notification.desktop_notification.notify_send': Could not find 'notify-send'
[1.186s] INFO:colcon.colcon_core.plugin_system:Skipping extension 'colcon_notification.desktop_notification.terminal_notifier': Not used on non-Darwin systems
[1.186s] INFO:colcon.colcon_core.plugin_system:Skipping extension 'colcon_notification.desktop_notification.win32': Not used on non-Windows systems
[1.186s] INFO:colcon.colcon_notification.desktop_notification:Sending desktop notification using 'notify2'
[1.186s] DEBUG:colcon.colcon_notification.desktop_notification.notify2:Failed to initialize notify2: org.freedesktop.DBus.Error.FileNotFound: Failed to connect to socket /run/user/1000/bus: No such file or directory
[1.186s] DEBUG:colcon.colcon_core.event_reactor:joined thread
[1.187s] INFO:colcon.colcon_core.shell:Creating prefix script '/home/wanggy/chapt5/install/local_setup.ps1'
[1.190s] INFO:colcon.colcon_core.shell:Creating prefix util module '/home/wanggy/chapt5/install/_local_setup_util_ps1.py'
[1.192s] INFO:colcon.colcon_core.shell:Creating prefix chain script '/home/wanggy/chapt5/install/setup.ps1'
[1.193s] INFO:colcon.colcon_core.shell:Creating prefix script '/home/wanggy/chapt5/install/local_setup.sh'
[1.193s] INFO:colcon.colcon_core.shell:Creating prefix util module '/home/wanggy/chapt5/install/_local_setup_util_sh.py'
[1.194s] INFO:colcon.colcon_core.shell:Creating prefix chain script '/home/wanggy/chapt5/install/setup.sh'
[1.195s] INFO:colcon.colcon_core.shell:Creating prefix script '/home/wanggy/chapt5/install/local_setup.bash'
[1.195s] INFO:colcon.colcon_core.shell:Creating prefix chain script '/home/wanggy/chapt5/install/setup.bash'
[1.196s] INFO:colcon.colcon_core.shell:Creating prefix script '/home/wanggy/chapt5/install/local_setup.zsh'
[1.197s] INFO:colcon.colcon_core.shell:Creating prefix chain script '/home/wanggy/chapt5/install/setup.zsh'
