[0.413s] Invoking command in '/home/wanggy/chapt3/topic_ws/src/demo_python_topic': PYTHONPATH=/home/wanggy/chapt3/topic_ws/build/demo_python_topic/prefix_override:/usr/lib/python3/dist-packages/colcon_core/task/python/colcon_distutils_commands:/home/wanggy/chapt3/topic_ws/install/demo_python_topic/lib/python3.10/site-packages:${PYTHONPATH} /usr/bin/python3 -W ignore:setup.py install is deprecated -W ignore:easy_install command is deprecated setup.py egg_info --egg-base ../../build/demo_python_topic build --build-base /home/wanggy/chapt3/topic_ws/build/demo_python_topic/build install --record /home/wanggy/chapt3/topic_ws/build/demo_python_topic/install.log --single-version-externally-managed install_data
[0.565s] running egg_info
[0.566s] creating ../../build/demo_python_topic/demo_python_topic.egg-info
[0.566s] writing ../../build/demo_python_topic/demo_python_topic.egg-info/PKG-INFO
[0.566s] writing dependency_links to ../../build/demo_python_topic/demo_python_topic.egg-info/dependency_links.txt
[0.566s] writing entry points to ../../build/demo_python_topic/demo_python_topic.egg-info/entry_points.txt
[0.566s] writing requirements to ../../build/demo_python_topic/demo_python_topic.egg-info/requires.txt
[0.567s] writing top-level names to ../../build/demo_python_topic/demo_python_topic.egg-info/top_level.txt
[0.567s] writing manifest file '../../build/demo_python_topic/demo_python_topic.egg-info/SOURCES.txt'
[0.568s] reading manifest file '../../build/demo_python_topic/demo_python_topic.egg-info/SOURCES.txt'
[0.568s] adding license file 'LICENSE'
[0.568s] writing manifest file '../../build/demo_python_topic/demo_python_topic.egg-info/SOURCES.txt'
[0.568s] running build
[0.568s] running build_py
[0.568s] creating /home/wanggy/chapt3/topic_ws/build/demo_python_topic/build
[0.568s] creating /home/wanggy/chapt3/topic_ws/build/demo_python_topic/build/lib
[0.569s] creating /home/wanggy/chapt3/topic_ws/build/demo_python_topic/build/lib/demo_python_topic
[0.569s] copying demo_python_topic/__init__.py -> /home/wanggy/chapt3/topic_ws/build/demo_python_topic/build/lib/demo_python_topic
[0.569s] copying demo_python_topic/novel_pub_node.py -> /home/wanggy/chapt3/topic_ws/build/demo_python_topic/build/lib/demo_python_topic
[0.569s] running install
[0.569s] running install_lib
[0.570s] creating /home/wanggy/chapt3/topic_ws/install/demo_python_topic/lib/python3.10/site-packages/demo_python_topic
[0.570s] copying /home/wanggy/chapt3/topic_ws/build/demo_python_topic/build/lib/demo_python_topic/__init__.py -> /home/wanggy/chapt3/topic_ws/install/demo_python_topic/lib/python3.10/site-packages/demo_python_topic
[0.570s] copying /home/wanggy/chapt3/topic_ws/build/demo_python_topic/build/lib/demo_python_topic/novel_pub_node.py -> /home/wanggy/chapt3/topic_ws/install/demo_python_topic/lib/python3.10/site-packages/demo_python_topic
[0.570s] byte-compiling /home/wanggy/chapt3/topic_ws/install/demo_python_topic/lib/python3.10/site-packages/demo_python_topic/__init__.py to __init__.cpython-310.pyc
[0.571s] byte-compiling /home/wanggy/chapt3/topic_ws/install/demo_python_topic/lib/python3.10/site-packages/demo_python_topic/novel_pub_node.py to novel_pub_node.cpython-310.pyc
[0.571s] running install_data
[0.571s] creating /home/wanggy/chapt3/topic_ws/install/demo_python_topic/share/ament_index
[0.571s] creating /home/wanggy/chapt3/topic_ws/install/demo_python_topic/share/ament_index/resource_index
[0.571s] creating /home/wanggy/chapt3/topic_ws/install/demo_python_topic/share/ament_index/resource_index/packages
[0.571s] copying resource/demo_python_topic -> /home/wanggy/chapt3/topic_ws/install/demo_python_topic/share/ament_index/resource_index/packages
[0.572s] copying package.xml -> /home/wanggy/chapt3/topic_ws/install/demo_python_topic/share/demo_python_topic
[0.572s] running install_egg_info
[0.573s] Copying ../../build/demo_python_topic/demo_python_topic.egg-info to /home/wanggy/chapt3/topic_ws/install/demo_python_topic/lib/python3.10/site-packages/demo_python_topic-0.0.0-py3.10.egg-info
[0.574s] running install_scripts
[0.588s] Installing novel_pub_node script to /home/wanggy/chapt3/topic_ws/install/demo_python_topic/lib/demo_python_topic
[0.589s] writing list of installed files to '/home/wanggy/chapt3/topic_ws/build/demo_python_topic/install.log'
[0.604s] Invoked command in '/home/wanggy/chapt3/topic_ws/src/demo_python_topic' returned '0': PYTHONPATH=/home/wanggy/chapt3/topic_ws/build/demo_python_topic/prefix_override:/usr/lib/python3/dist-packages/colcon_core/task/python/colcon_distutils_commands:/home/wanggy/chapt3/topic_ws/install/demo_python_topic/lib/python3.10/site-packages:${PYTHONPATH} /usr/bin/python3 -W ignore:setup.py install is deprecated -W ignore:easy_install command is deprecated setup.py egg_info --egg-base ../../build/demo_python_topic build --build-base /home/wanggy/chapt3/topic_ws/build/demo_python_topic/build install --record /home/wanggy/chapt3/topic_ws/build/demo_python_topic/install.log --single-version-externally-managed install_data
