[0.452s] Invoking command in '/home/wanggy/chapt5/chapt5_ws/src/demo_python_tf': PYTHONPATH=/home/wanggy/chapt5/build/demo_python_tf/prefix_override:/usr/lib/python3/dist-packages/colcon_core/task/python/colcon_distutils_commands:/home/wanggy/chapt5/install/demo_python_tf/lib/python3.10/site-packages:${PYTHONPATH} /usr/bin/python3 -W ignore:setup.py install is deprecated -W ignore:easy_install command is deprecated setup.py egg_info --egg-base ../../../build/demo_python_tf build --build-base /home/wanggy/chapt5/build/demo_python_tf/build install --record /home/wanggy/chapt5/build/demo_python_tf/install.log --single-version-externally-managed install_data
[0.579s] running egg_info
[0.580s] writing ../../../build/demo_python_tf/demo_python_tf.egg-info/PKG-INFO
[0.580s] writing dependency_links to ../../../build/demo_python_tf/demo_python_tf.egg-info/dependency_links.txt
[0.580s] writing entry points to ../../../build/demo_python_tf/demo_python_tf.egg-info/entry_points.txt
[0.580s] writing requirements to ../../../build/demo_python_tf/demo_python_tf.egg-info/requires.txt
[0.580s] writing top-level names to ../../../build/demo_python_tf/demo_python_tf.egg-info/top_level.txt
[0.581s] reading manifest file '../../../build/demo_python_tf/demo_python_tf.egg-info/SOURCES.txt'
[0.582s] adding license file 'LICENSE'
[0.582s] writing manifest file '../../../build/demo_python_tf/demo_python_tf.egg-info/SOURCES.txt'
[0.582s] running build
[0.582s] running build_py
[0.582s] copying demo_python_tf/dynamic_tf_broadcaster.py -> /home/wanggy/chapt5/build/demo_python_tf/build/lib/demo_python_tf
[0.583s] running install
[0.583s] running install_lib
[0.584s] copying /home/wanggy/chapt5/build/demo_python_tf/build/lib/demo_python_tf/dynamic_tf_broadcaster.py -> /home/wanggy/chapt5/install/demo_python_tf/lib/python3.10/site-packages/demo_python_tf
[0.584s] byte-compiling /home/wanggy/chapt5/install/demo_python_tf/lib/python3.10/site-packages/demo_python_tf/dynamic_tf_broadcaster.py to dynamic_tf_broadcaster.cpython-310.pyc
[0.584s] running install_data
[0.584s] running install_egg_info
[0.586s] removing '/home/wanggy/chapt5/install/demo_python_tf/lib/python3.10/site-packages/demo_python_tf-0.0.0-py3.10.egg-info' (and everything under it)
[0.586s] Copying ../../../build/demo_python_tf/demo_python_tf.egg-info to /home/wanggy/chapt5/install/demo_python_tf/lib/python3.10/site-packages/demo_python_tf-0.0.0-py3.10.egg-info
[0.586s] running install_scripts
[0.599s] Installing dynamic_tf_broadcaster script to /home/wanggy/chapt5/install/demo_python_tf/lib/demo_python_tf
[0.599s] Installing static_tf_broadcaster script to /home/wanggy/chapt5/install/demo_python_tf/lib/demo_python_tf
[0.599s] writing list of installed files to '/home/wanggy/chapt5/build/demo_python_tf/install.log'
[0.614s] Invoked command in '/home/wanggy/chapt5/chapt5_ws/src/demo_python_tf' returned '0': PYTHONPATH=/home/wanggy/chapt5/build/demo_python_tf/prefix_override:/usr/lib/python3/dist-packages/colcon_core/task/python/colcon_distutils_commands:/home/wanggy/chapt5/install/demo_python_tf/lib/python3.10/site-packages:${PYTHONPATH} /usr/bin/python3 -W ignore:setup.py install is deprecated -W ignore:easy_install command is deprecated setup.py egg_info --egg-base ../../../build/demo_python_tf build --build-base /home/wanggy/chapt5/build/demo_python_tf/build install --record /home/wanggy/chapt5/build/demo_python_tf/install.log --single-version-externally-managed install_data
