[0.489s] Invoking command in '/home/wanggy/chapt4/chapt4_ws/src/demo_python_service': PYTHONPATH=/home/wanggy/chapt4/chapt4_ws/build/demo_python_service/prefix_override:/usr/lib/python3/dist-packages/colcon_core/task/python/colcon_distutils_commands:/home/wanggy/chapt4/chapt4_ws/install/demo_python_service/lib/python3.10/site-packages:${PYTHONPATH} /usr/bin/python3 -W ignore:setup.py install is deprecated -W ignore:easy_install command is deprecated setup.py egg_info --egg-base ../../build/demo_python_service build --build-base /home/wanggy/chapt4/chapt4_ws/build/demo_python_service/build install --record /home/wanggy/chapt4/chapt4_ws/build/demo_python_service/install.log --single-version-externally-managed install_data
[0.626s] running egg_info
[0.626s] creating ../../build/demo_python_service/demo_python_service.egg-info
[0.626s] writing ../../build/demo_python_service/demo_python_service.egg-info/PKG-INFO
[0.626s] writing dependency_links to ../../build/demo_python_service/demo_python_service.egg-info/dependency_links.txt
[0.626s] writing entry points to ../../build/demo_python_service/demo_python_service.egg-info/entry_points.txt
[0.626s] writing requirements to ../../build/demo_python_service/demo_python_service.egg-info/requires.txt
[0.626s] writing top-level names to ../../build/demo_python_service/demo_python_service.egg-info/top_level.txt
[0.627s] writing manifest file '../../build/demo_python_service/demo_python_service.egg-info/SOURCES.txt'
[0.627s] reading manifest file '../../build/demo_python_service/demo_python_service.egg-info/SOURCES.txt'
[0.627s] adding license file 'LICENSE'
[0.628s] writing manifest file '../../build/demo_python_service/demo_python_service.egg-info/SOURCES.txt'
[0.628s] running build
[0.628s] running build_py
[0.628s] creating /home/wanggy/chapt4/chapt4_ws/build/demo_python_service/build
[0.628s] creating /home/wanggy/chapt4/chapt4_ws/build/demo_python_service/build/lib
[0.628s] creating /home/wanggy/chapt4/chapt4_ws/build/demo_python_service/build/lib/demo_python_service
[0.628s] copying demo_python_service/face_detect_client_node.py -> /home/wanggy/chapt4/chapt4_ws/build/demo_python_service/build/lib/demo_python_service
[0.629s] copying demo_python_service/face_detect_node.py -> /home/wanggy/chapt4/chapt4_ws/build/demo_python_service/build/lib/demo_python_service
[0.629s] copying demo_python_service/__init__.py -> /home/wanggy/chapt4/chapt4_ws/build/demo_python_service/build/lib/demo_python_service
[0.629s] copying demo_python_service/learn_face_detect.py -> /home/wanggy/chapt4/chapt4_ws/build/demo_python_service/build/lib/demo_python_service
[0.629s] running install
[0.629s] running install_lib
[0.630s] creating /home/wanggy/chapt4/chapt4_ws/install/demo_python_service/lib/python3.10/site-packages/demo_python_service
[0.630s] copying /home/wanggy/chapt4/chapt4_ws/build/demo_python_service/build/lib/demo_python_service/face_detect_client_node.py -> /home/wanggy/chapt4/chapt4_ws/install/demo_python_service/lib/python3.10/site-packages/demo_python_service
[0.630s] copying /home/wanggy/chapt4/chapt4_ws/build/demo_python_service/build/lib/demo_python_service/face_detect_node.py -> /home/wanggy/chapt4/chapt4_ws/install/demo_python_service/lib/python3.10/site-packages/demo_python_service
[0.630s] copying /home/wanggy/chapt4/chapt4_ws/build/demo_python_service/build/lib/demo_python_service/__init__.py -> /home/wanggy/chapt4/chapt4_ws/install/demo_python_service/lib/python3.10/site-packages/demo_python_service
[0.630s] copying /home/wanggy/chapt4/chapt4_ws/build/demo_python_service/build/lib/demo_python_service/learn_face_detect.py -> /home/wanggy/chapt4/chapt4_ws/install/demo_python_service/lib/python3.10/site-packages/demo_python_service
[0.630s] byte-compiling /home/wanggy/chapt4/chapt4_ws/install/demo_python_service/lib/python3.10/site-packages/demo_python_service/face_detect_client_node.py to face_detect_client_node.cpython-310.pyc
[0.631s] byte-compiling /home/wanggy/chapt4/chapt4_ws/install/demo_python_service/lib/python3.10/site-packages/demo_python_service/face_detect_node.py to face_detect_node.cpython-310.pyc
[0.631s] byte-compiling /home/wanggy/chapt4/chapt4_ws/install/demo_python_service/lib/python3.10/site-packages/demo_python_service/__init__.py to __init__.cpython-310.pyc
[0.631s] byte-compiling /home/wanggy/chapt4/chapt4_ws/install/demo_python_service/lib/python3.10/site-packages/demo_python_service/learn_face_detect.py to learn_face_detect.cpython-310.pyc
[0.631s] running install_data
[0.632s] creating /home/wanggy/chapt4/chapt4_ws/install/demo_python_service/share/ament_index
[0.632s] creating /home/wanggy/chapt4/chapt4_ws/install/demo_python_service/share/ament_index/resource_index
[0.632s] creating /home/wanggy/chapt4/chapt4_ws/install/demo_python_service/share/ament_index/resource_index/packages
[0.632s] copying resource/demo_python_service -> /home/wanggy/chapt4/chapt4_ws/install/demo_python_service/share/ament_index/resource_index/packages
[0.632s] copying package.xml -> /home/wanggy/chapt4/chapt4_ws/install/demo_python_service/share/demo_python_service
[0.632s] creating /home/wanggy/chapt4/chapt4_ws/install/demo_python_service/share/demo_python_service/resource
[0.632s] copying resource/default.jpg -> /home/wanggy/chapt4/chapt4_ws/install/demo_python_service/share/demo_python_service/resource
[0.634s] copying resource/test1.jpg -> /home/wanggy/chapt4/chapt4_ws/install/demo_python_service/share/demo_python_service/resource
[0.635s] running install_egg_info
[0.636s] Copying ../../build/demo_python_service/demo_python_service.egg-info to /home/wanggy/chapt4/chapt4_ws/install/demo_python_service/lib/python3.10/site-packages/demo_python_service-0.0.0-py3.10.egg-info
[0.636s] running install_scripts
[0.651s] Installing face_detect_client_node script to /home/wanggy/chapt4/chapt4_ws/install/demo_python_service/lib/demo_python_service
[0.651s] Installing face_detect_node script to /home/wanggy/chapt4/chapt4_ws/install/demo_python_service/lib/demo_python_service
[0.651s] Installing learn_face_detect script to /home/wanggy/chapt4/chapt4_ws/install/demo_python_service/lib/demo_python_service
[0.652s] writing list of installed files to '/home/wanggy/chapt4/chapt4_ws/build/demo_python_service/install.log'
[0.670s] Invoked command in '/home/wanggy/chapt4/chapt4_ws/src/demo_python_service' returned '0': PYTHONPATH=/home/wanggy/chapt4/chapt4_ws/build/demo_python_service/prefix_override:/usr/lib/python3/dist-packages/colcon_core/task/python/colcon_distutils_commands:/home/wanggy/chapt4/chapt4_ws/install/demo_python_service/lib/python3.10/site-packages:${PYTHONPATH} /usr/bin/python3 -W ignore:setup.py install is deprecated -W ignore:easy_install command is deprecated setup.py egg_info --egg-base ../../build/demo_python_service build --build-base /home/wanggy/chapt4/chapt4_ws/build/demo_python_service/build install --record /home/wanggy/chapt4/chapt4_ws/build/demo_python_service/install.log --single-version-externally-managed install_data
